<?xml version="1.0" encoding="UTF-8"?>
<!-- Generated by org.testng.reporters.JUnitReportReporter -->
<testsuite hostname="EPINHYDW06FF" failures="0" tests="1" name="dbs.CompareCreditCards" time="6.762" errors="0" timestamp="2021-02-17T23:33:23 IST" skipped="0">
  <testcase classname="dbs.CompareCreditCards" name="compareCreditCardsDetails" time="6.762"/>
  <system-out>
Successfully displayed card details : It's the fastest way to fly anywhere of card - DBS Altitude Visa Signature Card
 Successfully displayed card details : VISA of card - DBS Altitude Visa Signature Card
 Successfully displayed card details : S$30,000 of card - DBS Altitude Visa Signature Card
 Successfully displayed card details : S$45,000 of card - DBS Altitude Visa Signature Card
 Successfully displayed card details : 1 Year of card - DBS Altitude Visa Signature Card
 Successfully displayed card details : Shopping is the new black of card - DBS Black Visa Card
 Successfully displayed card details : VISA of card - DBS Black Visa Card
 Successfully displayed card details : S$30,000 of card - DBS Black Visa Card
 Successfully displayed card details : S$45,000 of card - DBS Black Visa Card
 Successfully displayed card details : 1 Year of card - DBS Black Visa Card
  </system-out>
</testsuite> <!-- dbs.CompareCreditCards -->
